[0;32m[2026-02-04 13:42:08][0m Démarrage du script de déploiement
[0;32m[2026-02-04 13:42:08][0m Répertoire du projet: /home/mamadoubarry/Bureau/projet_final
[0;32m[2026-02-04 13:42:15][0m Vérification des prérequis...
[0;32m[2026-02-04 13:42:15][0m ✓ docker est installé
[0;32m[2026-02-04 13:42:15][0m ✓ terraform est installé
[0;32m[2026-02-04 13:42:15][0m ✓ ansible-playbook est installé
[0;31m[2026-02-04 13:42:15] ERREUR:[0m Docker n'est pas en cours d'exécution
[0;34m[2026-02-04 13:42:15] INFO:[0m Démarrage de Docker...
[0;32m[2026-02-04 13:42:20][0m ✓ Tous les prérequis sont satisfaits
[0;32m[2026-02-04 13:42:20][0m Initialisation de Terraform...
[0;32m[2026-02-04 13:42:23][0m ✓ Terraform initialisé
[0;32m[2026-02-04 13:42:23][0m Application de la configuration Terraform...
[0;32m[2026-02-04 13:46:02][0m Démarrage du script de déploiement
[0;32m[2026-02-04 13:46:02][0m Répertoire du projet: /home/mamadoubarry/Bureau/projet_final
[0;32m[2026-02-04 13:46:06][0m Vérification des prérequis...
[0;32m[2026-02-04 13:46:06][0m ✓ docker est installé
[0;32m[2026-02-04 13:46:06][0m ✓ terraform est installé
[0;32m[2026-02-04 13:46:06][0m ✓ ansible-playbook est installé
[0;31m[2026-02-04 13:46:06] ERREUR:[0m Docker n'est pas en cours d'exécution
[0;34m[2026-02-04 13:46:06] INFO:[0m Démarrage de Docker...
[0;32m[2026-02-04 13:46:11][0m ✓ Tous les prérequis sont satisfaits
[0;32m[2026-02-04 13:46:11][0m Initialisation de Terraform...
[0;32m[2026-02-04 13:46:12][0m ✓ Terraform initialisé
[0;32m[2026-02-04 13:46:12][0m Application de la configuration Terraform...
[0;32m[2026-02-04 13:49:58][0m Démarrage du script de déploiement
[0;32m[2026-02-04 13:49:58][0m Répertoire du projet: /home/mamadoubarry/Bureau/projet_final
[0;32m[2026-02-04 13:50:00][0m Vérification des prérequis...
[0;32m[2026-02-04 13:50:00][0m ✓ docker est installé
[0;32m[2026-02-04 13:50:00][0m ✓ terraform est installé
[0;32m[2026-02-04 13:50:00][0m ✓ ansible-playbook est installé
[0;31m[2026-02-04 13:50:00] ERREUR:[0m Docker n'est pas en cours d'exécution
[0;34m[2026-02-04 13:50:00] INFO:[0m Démarrage de Docker...
[0;32m[2026-02-04 13:50:07][0m ✓ Tous les prérequis sont satisfaits
[0;32m[2026-02-04 13:50:07][0m Initialisation de Terraform...
[0;32m[2026-02-04 13:50:08][0m ✓ Terraform initialisé
[0;32m[2026-02-04 13:50:08][0m Application de la configuration Terraform...
[0;32m[2026-02-04 13:59:06][0m Démarrage du script de déploiement
[0;32m[2026-02-04 13:59:06][0m Répertoire du projet: /home/mamadoubarry/Bureau/projet_final
[0;32m[2026-02-04 13:59:09][0m Vérification des prérequis...
[0;32m[2026-02-04 13:59:09][0m ✓ docker est installé
[0;32m[2026-02-04 13:59:09][0m ✓ terraform est installé
[0;32m[2026-02-04 13:59:09][0m ✓ ansible-playbook est installé
[0;32m[2026-02-04 13:59:09][0m ✓ Tous les prérequis sont satisfaits
[0;32m[2026-02-04 13:59:09][0m Initialisation de Terraform...
[0;32m[2026-02-04 13:59:09][0m ✓ Terraform initialisé
[0;32m[2026-02-04 13:59:09][0m Application de la configuration Terraform...
[0;32m[2026-02-04 13:59:55][0m ✓ Configuration Terraform appliquée
[0;32m[2026-02-04 13:59:55][0m Vérification du déploiement...
[0;34m[2026-02-04 14:00:05] INFO:[0m Services Docker Swarm:
[0;34m[2026-02-04 14:00:05] INFO:[0m Conteneurs en cours d'exécution:
[0;34m[2026-02-04 14:00:05] INFO:[0m Test de connectivité GLPI...
[0;32m[2026-02-04 14:00:05][0m ✓ GLPI est accessible
[0;32m[2026-02-04 14:00:05][0m ✓ Vérification terminée
[0;32m[2026-02-04 14:03:05][0m Démarrage du script de déploiement
[0;32m[2026-02-04 14:03:05][0m Répertoire du projet: /home/mamadoubarry/Bureau/projet_final
[0;32m[2026-02-04 14:03:07][0m Vérification des prérequis...
[0;32m[2026-02-04 14:03:07][0m ✓ docker est installé
[0;32m[2026-02-04 14:03:07][0m ✓ terraform est installé
[0;32m[2026-02-04 14:03:07][0m ✓ ansible-playbook est installé
[0;32m[2026-02-04 14:03:07][0m ✓ Tous les prérequis sont satisfaits
[0;32m[2026-02-04 14:03:07][0m Initialisation de Terraform...
[0;32m[2026-02-04 14:03:08][0m ✓ Terraform initialisé
[0;32m[2026-02-04 14:03:08][0m Application de la configuration Terraform...
[0;32m[2026-02-04 14:03:53][0m ✓ Configuration Terraform appliquée
[0;32m[2026-02-04 14:03:53][0m Vérification du déploiement...
[0;34m[2026-02-04 14:04:03] INFO:[0m Services Docker Swarm:
[0;34m[2026-02-04 14:04:03] INFO:[0m Conteneurs en cours d'exécution:
[0;34m[2026-02-04 14:04:03] INFO:[0m Test de connectivité GLPI...
[0;32m[2026-02-04 14:04:03][0m ✓ GLPI est accessible
[0;32m[2026-02-04 14:04:03][0m ✓ Vérification terminée
[0;32m[2026-02-04 14:06:52][0m Démarrage du script de déploiement
[0;32m[2026-02-04 14:06:52][0m Répertoire du projet: /home/mamadoubarry/Bureau/projet_final
[0;32m[2026-02-04 14:06:54][0m Vérification des prérequis...
[0;32m[2026-02-04 14:06:54][0m ✓ docker est installé
[0;32m[2026-02-04 14:06:54][0m ✓ terraform est installé
[0;32m[2026-02-04 14:06:54][0m ✓ ansible-playbook est installé
[0;32m[2026-02-04 14:06:54][0m ✓ Tous les prérequis sont satisfaits
[0;32m[2026-02-04 14:06:54][0m Initialisation de Terraform...
[0;32m[2026-02-04 14:06:55][0m ✓ Terraform initialisé
[0;32m[2026-02-04 14:06:55][0m Application de la configuration Terraform...
[0;32m[2026-02-04 14:07:40][0m ✓ Configuration Terraform appliquée
[0;32m[2026-02-04 14:07:40][0m Vérification du déploiement...
[0;34m[2026-02-04 14:07:50] INFO:[0m Services Docker Swarm:
[0;34m[2026-02-04 14:07:50] INFO:[0m Conteneurs en cours d'exécution:
[0;34m[2026-02-04 14:07:50] INFO:[0m Test de connectivité GLPI...
[0;32m[2026-02-04 14:07:50][0m ✓ GLPI est accessible
[0;32m[2026-02-04 14:07:51][0m ✓ Vérification terminée
[0;32m[2026-02-04 14:23:57][0m Démarrage du script de déploiement
[0;32m[2026-02-04 14:23:57][0m Répertoire du projet: /home/mamadoubarry/Bureau/projet_final
[0;32m[2026-02-04 14:24:01][0m Vérification des prérequis...
[0;32m[2026-02-04 14:24:01][0m ✓ docker est installé
[0;32m[2026-02-04 14:24:01][0m ✓ terraform est installé
[0;32m[2026-02-04 14:24:01][0m ✓ ansible-playbook est installé
[0;32m[2026-02-04 14:24:02][0m ✓ Tous les prérequis sont satisfaits
[0;32m[2026-02-04 14:24:02][0m Initialisation de Terraform...
[0;32m[2026-02-04 14:24:02][0m ✓ Terraform initialisé
[0;32m[2026-02-04 14:24:02][0m Application de la configuration Terraform...
[0;32m[2026-02-04 14:25:05][0m ✓ Configuration Terraform appliquée
[0;32m[2026-02-04 14:25:05][0m Vérification du déploiement...
[0;34m[2026-02-04 14:25:15] INFO:[0m Services Docker Swarm:
[0;34m[2026-02-04 14:25:15] INFO:[0m Conteneurs en cours d'exécution:
[0;34m[2026-02-04 14:25:15] INFO:[0m Test de connectivité GLPI...
[0;32m[2026-02-04 14:29:58][0m Démarrage du script de déploiement
[0;32m[2026-02-04 14:29:58][0m Répertoire du projet: /home/mamadoubarry/Bureau/projet_final
[0;32m[2026-02-04 14:30:03][0m Vérification des prérequis...
[0;32m[2026-02-04 14:30:03][0m ✓ docker est installé
[0;32m[2026-02-04 14:30:03][0m ✓ terraform est installé
[0;32m[2026-02-04 14:30:03][0m ✓ ansible-playbook est installé
[0;32m[2026-02-04 14:30:03][0m ✓ Tous les prérequis sont satisfaits
[0;32m[2026-02-04 14:30:03][0m Initialisation de Terraform...
[0;32m[2026-02-04 14:30:04][0m ✓ Terraform initialisé
[0;32m[2026-02-04 14:30:04][0m Application de la configuration Terraform...
[0;32m[2026-02-04 14:30:47][0m ✓ Configuration Terraform appliquée
[0;32m[2026-02-04 14:30:47][0m Vérification du déploiement...
[0;34m[2026-02-04 14:30:57] INFO:[0m Services Docker Swarm:
[0;34m[2026-02-04 14:30:57] INFO:[0m Conteneurs en cours d'exécution:
[0;34m[2026-02-04 14:30:57] INFO:[0m Test de connectivité GLPI...
[0;32m[2026-02-04 14:32:41][0m Démarrage du script de déploiement
[0;32m[2026-02-04 14:32:41][0m Répertoire du projet: /home/mamadoubarry/Bureau/projet_final
[0;32m[2026-02-04 14:32:43][0m Vérification des prérequis...
[0;32m[2026-02-04 14:32:43][0m ✓ docker est installé
[0;32m[2026-02-04 14:32:43][0m ✓ terraform est installé
[0;32m[2026-02-04 14:32:43][0m ✓ ansible-playbook est installé
[0;32m[2026-02-04 14:32:43][0m ✓ Tous les prérequis sont satisfaits
[0;32m[2026-02-04 14:32:43][0m Initialisation de Terraform...
[0;32m[2026-02-04 14:32:44][0m ✓ Terraform initialisé
[0;32m[2026-02-04 14:32:44][0m Application de la configuration Terraform...
[0;32m[2026-02-04 14:33:27][0m ✓ Configuration Terraform appliquée
[0;32m[2026-02-04 14:33:27][0m Vérification du déploiement...
[0;34m[2026-02-04 14:33:37] INFO:[0m Services Docker Swarm:
[0;34m[2026-02-04 14:33:37] INFO:[0m Conteneurs en cours d'exécution:
[0;34m[2026-02-04 14:33:37] INFO:[0m Test de connectivité GLPI...
